::1 - - [23/Feb/2026:23:23:37 +0300] "POST /get_message_for_webview HTTP/1.1" 404 299 "http://grammarly.localhost/" "Mozilla/5.0 (Windows NT 10.0; Win64; x64) AppleWebKit/537.36 (KHTML, like Gecko) Chrome/145.0.0.0 Safari/537.36 Edg/145.0.0.0"
::1 - - [30/Jun/2026:21:48:28 +0300] "HEAD / HTTP/1.1" 302 - "-" "curl/8.20.0"
::1 - - [30/Jun/2026:21:50:03 +0300] "GET / HTTP/1.1" 302 - "-" "Mozilla/5.0 (Windows NT 10.0; Win64; x64) AppleWebKit/537.36 (KHTML, like Gecko) Code/1.123.2 Chrome/148.0.7778.97 Electron/42.2.0 Safari/537.36"
::1 - - [30/Jun/2026:21:50:03 +0300] "GET /dashboard/ HTTP/1.1" 200 5187 "-" "Mozilla/5.0 (Windows NT 10.0; Win64; x64) AppleWebKit/537.36 (KHTML, like Gecko) Code/1.123.2 Chrome/148.0.7778.97 Electron/42.2.0 Safari/537.36"
::1 - - [30/Jun/2026:21:50:03 +0300] "GET /dashboard/stylesheets/normalize.css HTTP/1.1" 200 6876 "http://localhost/dashboard/" "Mozilla/5.0 (Windows NT 10.0; Win64; x64) AppleWebKit/537.36 (KHTML, like Gecko) Code/1.123.2 Chrome/148.0.7778.97 Electron/42.2.0 Safari/537.36"
::1 - - [30/Jun/2026:21:50:03 +0300] "GET /dashboard/stylesheets/all.css HTTP/1.1" 200 406998 "http://localhost/dashboard/" "Mozilla/5.0 (Windows NT 10.0; Win64; x64) AppleWebKit/537.36 (KHTML, like Gecko) Code/1.123.2 Chrome/148.0.7778.97 Electron/42.2.0 Safari/537.36"
::1 - - [30/Jun/2026:21:50:03 +0300] "GET /dashboard/javascripts/modernizr.js HTTP/1.1" 200 51365 "http://localhost/dashboard/" "Mozilla/5.0 (Windows NT 10.0; Win64; x64) AppleWebKit/537.36 (KHTML, like Gecko) Code/1.123.2 Chrome/148.0.7778.97 Electron/42.2.0 Safari/537.36"
::1 - - [30/Jun/2026:21:50:03 +0300] "GET /dashboard/images/xampp-logo.svg HTTP/1.1" 200 5427 "http://localhost/dashboard/" "Mozilla/5.0 (Windows NT 10.0; Win64; x64) AppleWebKit/537.36 (KHTML, like Gecko) Code/1.123.2 Chrome/148.0.7778.97 Electron/42.2.0 Safari/537.36"
::1 - - [30/Jun/2026:21:50:03 +0300] "GET /dashboard/images/fastly-logo.png HTTP/1.1" 200 1770 "http://localhost/dashboard/" "Mozilla/5.0 (Windows NT 10.0; Win64; x64) AppleWebKit/537.36 (KHTML, like Gecko) Code/1.123.2 Chrome/148.0.7778.97 Electron/42.2.0 Safari/537.36"
::1 - - [30/Jun/2026:21:50:03 +0300] "GET /dashboard/javascripts/all.js HTTP/1.1" 200 188385 "http://localhost/dashboard/" "Mozilla/5.0 (Windows NT 10.0; Win64; x64) AppleWebKit/537.36 (KHTML, like Gecko) Code/1.123.2 Chrome/148.0.7778.97 Electron/42.2.0 Safari/537.36"
::1 - - [30/Jun/2026:21:50:13 +0300] "GET /dashboard/images/social-icons.png HTTP/1.1" 200 3361 "http://localhost/dashboard/stylesheets/all.css" "Mozilla/5.0 (Windows NT 10.0; Win64; x64) AppleWebKit/537.36 (KHTML, like Gecko) Code/1.123.2 Chrome/148.0.7778.97 Electron/42.2.0 Safari/537.36"
::1 - - [30/Jun/2026:21:50:36 +0300] "GET /dashboard/images/favicon.png HTTP/1.1" 200 2508 "-" "Mozilla/5.0 (Windows NT 10.0; Win64; x64) AppleWebKit/537.36 (KHTML, like Gecko) Code/1.123.2 Chrome/148.0.7778.97 Electron/42.2.0 Safari/537.36"
::1 - - [30/Jun/2026:21:50:53 +0300] "GET /your-project-folder/ HTTP/1.1" 404 295 "-" "Mozilla/5.0 (Windows NT 10.0; Win64; x64) AppleWebKit/537.36 (KHTML, like Gecko) Code/1.123.2 Chrome/148.0.7778.97 Electron/42.2.0 Safari/537.36"
::1 - - [30/Jun/2026:21:50:53 +0300] "GET /favicon.ico HTTP/1.1" 200 30894 "-" "Mozilla/5.0 (Windows NT 10.0; Win64; x64) AppleWebKit/537.36 (KHTML, like Gecko) Code/1.123.2 Chrome/148.0.7778.97 Electron/42.2.0 Safari/537.36"
::1 - - [30/Jun/2026:21:50:58 +0300] "GET /phpmyadmin/ HTTP/1.1" 200 16963 "-" "Mozilla/5.0 (Windows NT 10.0; Win64; x64) AppleWebKit/537.36 (KHTML, like Gecko) Code/1.123.2 Chrome/148.0.7778.97 Electron/42.2.0 Safari/537.36"
::1 - - [30/Jun/2026:21:50:59 +0300] "GET /phpmyadmin/themes/pmahomme/jquery/jquery-ui.css HTTP/1.1" 200 36566 "-" "Mozilla/5.0 (Windows NT 10.0; Win64; x64) AppleWebKit/537.36 (KHTML, like Gecko) Code/1.123.2 Chrome/148.0.7778.97 Electron/42.2.0 Safari/537.36"
::1 - - [30/Jun/2026:21:51:00 +0300] "GET /phpmyadmin/js/vendor/codemirror/lib/codemirror.css?v=5.2.1 HTTP/1.1" 200 8720 "-" "Mozilla/5.0 (Windows NT 10.0; Win64; x64) AppleWebKit/537.36 (KHTML, like Gecko) Code/1.123.2 Chrome/148.0.7778.97 Electron/42.2.0 Safari/537.36"
::1 - - [30/Jun/2026:21:51:00 +0300] "GET /phpmyadmin/js/vendor/codemirror/addon/hint/show-hint.css?v=5.2.1 HTTP/1.1" 200 649 "-" "Mozilla/5.0 (Windows NT 10.0; Win64; x64) AppleWebKit/537.36 (KHTML, like Gecko) Code/1.123.2 Chrome/148.0.7778.97 Electron/42.2.0 Safari/537.36"
::1 - - [30/Jun/2026:21:51:00 +0300] "GET /phpmyadmin/js/vendor/codemirror/addon/lint/lint.css?v=5.2.1 HTTP/1.1" 200 3035 "-" "Mozilla/5.0 (Windows NT 10.0; Win64; x64) AppleWebKit/537.36 (KHTML, like Gecko) Code/1.123.2 Chrome/148.0.7778.97 Electron/42.2.0 Safari/537.36"
::1 - - [30/Jun/2026:21:51:00 +0300] "GET /phpmyadmin/themes/pmahomme/css/theme.css?v=5.2.1 HTTP/1.1" 200 357367 "-" "Mozilla/5.0 (Windows NT 10.0; Win64; x64) AppleWebKit/537.36 (KHTML, like Gecko) Code/1.123.2 Chrome/148.0.7778.97 Electron/42.2.0 Safari/537.36"
::1 - - [30/Jun/2026:21:51:00 +0300] "GET /phpmyadmin/js/vendor/jquery/jquery.min.js?v=5.2.1 HTTP/1.1" 200 89947 "-" "Mozilla/5.0 (Windows NT 10.0; Win64; x64) AppleWebKit/537.36 (KHTML, like Gecko) Code/1.123.2 Chrome/148.0.7778.97 Electron/42.2.0 Safari/537.36"
::1 - - [30/Jun/2026:21:51:00 +0300] "GET /phpmyadmin/js/vendor/sprintf.js?v=5.2.1 HTTP/1.1" 200 7409 "-" "Mozilla/5.0 (Windows NT 10.0; Win64; x64) AppleWebKit/537.36 (KHTML, like Gecko) Code/1.123.2 Chrome/148.0.7778.97 Electron/42.2.0 Safari/537.36"
::1 - - [30/Jun/2026:21:51:00 +0300] "GET /phpmyadmin/js/dist/ajax.js?v=5.2.1 HTTP/1.1" 200 29948 "-" "Mozilla/5.0 (Windows NT 10.0; Win64; x64) AppleWebKit/537.36 (KHTML, like Gecko) Code/1.123.2 Chrome/148.0.7778.97 Electron/42.2.0 Safari/537.36"
::1 - - [30/Jun/2026:21:51:00 +0300] "GET /phpmyadmin/js/vendor/jquery/jquery-migrate.min.js?v=5.2.1 HTTP/1.1" 200 13467 "-" "Mozilla/5.0 (Windows NT 10.0; Win64; x64) AppleWebKit/537.36 (KHTML, like Gecko) Code/1.123.2 Chrome/148.0.7778.97 Electron/42.2.0 Safari/537.36"
::1 - - [30/Jun/2026:21:51:00 +0300] "GET /phpmyadmin/js/dist/keyhandler.js?v=5.2.1 HTTP/1.1" 200 2059 "-" "Mozilla/5.0 (Windows NT 10.0; Win64; x64) AppleWebKit/537.36 (KHTML, like Gecko) Code/1.123.2 Chrome/148.0.7778.97 Electron/42.2.0 Safari/537.36"
::1 - - [30/Jun/2026:21:51:00 +0300] "GET /phpmyadmin/js/dist/name-conflict-fixes.js?v=5.2.1 HTTP/1.1" 200 43 "-" "Mozilla/5.0 (Windows NT 10.0; Win64; x64) AppleWebKit/537.36 (KHTML, like Gecko) Code/1.123.2 Chrome/148.0.7778.97 Electron/42.2.0 Safari/537.36"
::1 - - [30/Jun/2026:21:51:00 +0300] "GET /phpmyadmin/js/vendor/jquery/jquery-ui.min.js?v=5.2.1 HTTP/1.1" 200 255084 "-" "Mozilla/5.0 (Windows NT 10.0; Win64; x64) AppleWebKit/537.36 (KHTML, like Gecko) Code/1.123.2 Chrome/148.0.7778.97 Electron/42.2.0 Safari/537.36"
::1 - - [30/Jun/2026:21:51:00 +0300] "GET /phpmyadmin/js/vendor/bootstrap/bootstrap.bundle.min.js?v=5.2.1 HTTP/1.1" 200 80420 "-" "Mozilla/5.0 (Windows NT 10.0; Win64; x64) AppleWebKit/537.36 (KHTML, like Gecko) Code/1.123.2 Chrome/148.0.7778.97 Electron/42.2.0 Safari/537.36"
::1 - - [30/Jun/2026:21:51:00 +0300] "GET /phpmyadmin/js/vendor/js.cookie.js?v=5.2.1 HTTP/1.1" 200 3883 "-" "Mozilla/5.0 (Windows NT 10.0; Win64; x64) AppleWebKit/537.36 (KHTML, like Gecko) Code/1.123.2 Chrome/148.0.7778.97 Electron/42.2.0 Safari/537.36"
::1 - - [30/Jun/2026:21:51:00 +0300] "GET /phpmyadmin/js/vendor/jquery/jquery.validate.min.js?v=5.2.1 HTTP/1.1" 200 24601 "-" "Mozilla/5.0 (Windows NT 10.0; Win64; x64) AppleWebKit/537.36 (KHTML, like Gecko) Code/1.123.2 Chrome/148.0.7778.97 Electron/42.2.0 Safari/537.36"
::1 - - [30/Jun/2026:21:51:00 +0300] "GET /phpmyadmin/js/vendor/jquery/jquery-ui-timepicker-addon.js?v=5.2.1 HTTP/1.1" 200 78475 "-" "Mozilla/5.0 (Windows NT 10.0; Win64; x64) AppleWebKit/537.36 (KHTML, like Gecko) Code/1.123.2 Chrome/148.0.7778.97 Electron/42.2.0 Safari/537.36"
::1 - - [30/Jun/2026:21:51:00 +0300] "GET /phpmyadmin/js/vendor/jquery/jquery.debounce-1.0.6.js?v=5.2.1 HTTP/1.1" 200 1608 "-" "Mozilla/5.0 (Windows NT 10.0; Win64; x64) AppleWebKit/537.36 (KHTML, like Gecko) Code/1.123.2 Chrome/148.0.7778.97 Electron/42.2.0 Safari/537.36"
::1 - - [30/Jun/2026:21:51:00 +0300] "GET /phpmyadmin/js/dist/menu_resizer.js?v=5.2.1 HTTP/1.1" 200 5729 "-" "Mozilla/5.0 (Windows NT 10.0; Win64; x64) AppleWebKit/537.36 (KHTML, like Gecko) Code/1.123.2 Chrome/148.0.7778.97 Electron/42.2.0 Safari/537.36"
::1 - - [30/Jun/2026:21:51:00 +0300] "GET /phpmyadmin/js/dist/cross_framing_protection.js?v=5.2.1 HTTP/1.1" 200 405 "-" "Mozilla/5.0 (Windows NT 10.0; Win64; x64) AppleWebKit/537.36 (KHTML, like Gecko) Code/1.123.2 Chrome/148.0.7778.97 Electron/42.2.0 Safari/537.36"
::1 - - [30/Jun/2026:21:51:00 +0300] "GET /phpmyadmin/js/dist/config.js?v=5.2.1 HTTP/1.1" 200 24059 "-" "Mozilla/5.0 (Windows NT 10.0; Win64; x64) AppleWebKit/537.36 (KHTML, like Gecko) Code/1.123.2 Chrome/148.0.7778.97 Electron/42.2.0 Safari/537.36"
::1 - - [30/Jun/2026:21:51:00 +0300] "GET /phpmyadmin/js/dist/doclinks.js?v=5.2.1 HTTP/1.1" 200 18276 "-" "Mozilla/5.0 (Windows NT 10.0; Win64; x64) AppleWebKit/537.36 (KHTML, like Gecko) Code/1.123.2 Chrome/148.0.7778.97 Electron/42.2.0 Safari/537.36"
::1 - - [30/Jun/2026:21:51:00 +0300] "GET /phpmyadmin/js/dist/functions.js?v=5.2.1 HTTP/1.1" 200 148069 "-" "Mozilla/5.0 (Windows NT 10.0; Win64; x64) AppleWebKit/537.36 (KHTML, like Gecko) Code/1.123.2 Chrome/148.0.7778.97 Electron/42.2.0 Safari/537.36"
::1 - - [30/Jun/2026:21:51:00 +0300] "GET /phpmyadmin/js/dist/navigation.js?v=5.2.1 HTTP/1.1" 200 51830 "-" "Mozilla/5.0 (Windows NT 10.0; Win64; x64) AppleWebKit/537.36 (KHTML, like Gecko) Code/1.123.2 Chrome/148.0.7778.97 Electron/42.2.0 Safari/537.36"
::1 - - [30/Jun/2026:21:51:00 +0300] "GET /phpmyadmin/js/dist/indexes.js?v=5.2.1 HTTP/1.1" 200 26962 "-" "Mozilla/5.0 (Windows NT 10.0; Win64; x64) AppleWebKit/537.36 (KHTML, like Gecko) Code/1.123.2 Chrome/148.0.7778.97 Electron/42.2.0 Safari/537.36"
::1 - - [30/Jun/2026:21:51:00 +0300] "GET /phpmyadmin/js/dist/common.js?v=5.2.1 HTTP/1.1" 200 4530 "-" "Mozilla/5.0 (Windows NT 10.0; Win64; x64) AppleWebKit/537.36 (KHTML, like Gecko) Code/1.123.2 Chrome/148.0.7778.97 Electron/42.2.0 Safari/537.36"
::1 - - [30/Jun/2026:21:51:00 +0300] "GET /phpmyadmin/js/dist/page_settings.js?v=5.2.1 HTTP/1.1" 200 1818 "-" "Mozilla/5.0 (Windows NT 10.0; Win64; x64) AppleWebKit/537.36 (KHTML, like Gecko) Code/1.123.2 Chrome/148.0.7778.97 Electron/42.2.0 Safari/537.36"
::1 - - [30/Jun/2026:21:51:00 +0300] "GET /phpmyadmin/js/dist/home.js?v=5.2.1 HTTP/1.1" 200 5275 "-" "Mozilla/5.0 (Windows NT 10.0; Win64; x64) AppleWebKit/537.36 (KHTML, like Gecko) Code/1.123.2 Chrome/148.0.7778.97 Electron/42.2.0 Safari/537.36"
::1 - - [30/Jun/2026:21:51:00 +0300] "GET /phpmyadmin/js/vendor/codemirror/lib/codemirror.js?v=5.2.1 HTTP/1.1" 200 401653 "-" "Mozilla/5.0 (Windows NT 10.0; Win64; x64) AppleWebKit/537.36 (KHTML, like Gecko) Code/1.123.2 Chrome/148.0.7778.97 Electron/42.2.0 Safari/537.36"
::1 - - [30/Jun/2026:21:51:00 +0300] "GET /phpmyadmin/js/vendor/codemirror/addon/hint/show-hint.js?v=5.2.1 HTTP/1.1" 200 19792 "-" "Mozilla/5.0 (Windows NT 10.0; Win64; x64) AppleWebKit/537.36 (KHTML, like Gecko) Code/1.123.2 Chrome/148.0.7778.97 Electron/42.2.0 Safari/537.36"
::1 - - [30/Jun/2026:21:51:00 +0300] "GET /phpmyadmin/js/vendor/codemirror/addon/runmode/runmode.js?v=5.2.1 HTTP/1.1" 200 2777 "-" "Mozilla/5.0 (Windows NT 10.0; Win64; x64) AppleWebKit/537.36 (KHTML, like Gecko) Code/1.123.2 Chrome/148.0.7778.97 Electron/42.2.0 Safari/537.36"
::1 - - [30/Jun/2026:21:51:00 +0300] "GET /phpmyadmin/js/vendor/codemirror/mode/sql/sql.js?v=5.2.1 HTTP/1.1" 200 59564 "-" "Mozilla/5.0 (Windows NT 10.0; Win64; x64) AppleWebKit/537.36 (KHTML, like Gecko) Code/1.123.2 Chrome/148.0.7778.97 Electron/42.2.0 Safari/537.36"
::1 - - [30/Jun/2026:21:51:00 +0300] "GET /phpmyadmin/js/vendor/codemirror/addon/hint/sql-hint.js?v=5.2.1 HTTP/1.1" 200 9560 "-" "Mozilla/5.0 (Windows NT 10.0; Win64; x64) AppleWebKit/537.36 (KHTML, like Gecko) Code/1.123.2 Chrome/148.0.7778.97 Electron/42.2.0 Safari/537.36"
::1 - - [30/Jun/2026:21:51:00 +0300] "GET /phpmyadmin/js/vendor/codemirror/addon/lint/lint.js?v=5.2.1 HTTP/1.1" 200 9987 "-" "Mozilla/5.0 (Windows NT 10.0; Win64; x64) AppleWebKit/537.36 (KHTML, like Gecko) Code/1.123.2 Chrome/148.0.7778.97 Electron/42.2.0 Safari/537.36"
::1 - - [30/Jun/2026:21:51:00 +0300] "GET /phpmyadmin/js/vendor/tracekit.js?v=5.2.1 HTTP/1.1" 200 47128 "-" "Mozilla/5.0 (Windows NT 10.0; Win64; x64) AppleWebKit/537.36 (KHTML, like Gecko) Code/1.123.2 Chrome/148.0.7778.97 Electron/42.2.0 Safari/537.36"
::1 - - [30/Jun/2026:21:51:00 +0300] "GET /phpmyadmin/js/dist/codemirror/addon/lint/sql-lint.js?v=5.2.1 HTTP/1.1" 200 940 "-" "Mozilla/5.0 (Windows NT 10.0; Win64; x64) AppleWebKit/537.36 (KHTML, like Gecko) Code/1.123.2 Chrome/148.0.7778.97 Electron/42.2.0 Safari/537.36"
::1 - - [30/Jun/2026:21:51:00 +0300] "GET /phpmyadmin/js/dist/drag_drop_import.js?v=5.2.1 HTTP/1.1" 200 12431 "-" "Mozilla/5.0 (Windows NT 10.0; Win64; x64) AppleWebKit/537.36 (KHTML, like Gecko) Code/1.123.2 Chrome/148.0.7778.97 Electron/42.2.0 Safari/537.36"
::1 - - [30/Jun/2026:21:51:00 +0300] "GET /phpmyadmin/js/dist/error_report.js?v=5.2.1 HTTP/1.1" 200 9264 "-" "Mozilla/5.0 (Windows NT 10.0; Win64; x64) AppleWebKit/537.36 (KHTML, like Gecko) Code/1.123.2 Chrome/148.0.7778.97 Electron/42.2.0 Safari/537.36"
::1 - - [30/Jun/2026:21:51:00 +0300] "GET /phpmyadmin/js/dist/shortcuts_handler.js?v=5.2.1 HTTP/1.1" 200 3303 "-" "Mozilla/5.0 (Windows NT 10.0; Win64; x64) AppleWebKit/537.36 (KHTML, like Gecko) Code/1.123.2 Chrome/148.0.7778.97 Electron/42.2.0 Safari/537.36"
::1 - - [30/Jun/2026:21:51:00 +0300] "GET /phpmyadmin/js/dist/console.js?v=5.2.1 HTTP/1.1" 200 49548 "-" "Mozilla/5.0 (Windows NT 10.0; Win64; x64) AppleWebKit/537.36 (KHTML, like Gecko) Code/1.123.2 Chrome/148.0.7778.97 Electron/42.2.0 Safari/537.36"
::1 - - [30/Jun/2026:21:51:00 +0300] "GET /phpmyadmin/themes/dot.gif HTTP/1.1" 200 43 "-" "Mozilla/5.0 (Windows NT 10.0; Win64; x64) AppleWebKit/537.36 (KHTML, like Gecko) Code/1.123.2 Chrome/148.0.7778.97 Electron/42.2.0 Safari/537.36"
::1 - - [30/Jun/2026:21:51:00 +0300] "GET /phpmyadmin/themes/pmahomme/img/logo_left.png HTTP/1.1" 200 2713 "-" "Mozilla/5.0 (Windows NT 10.0; Win64; x64) AppleWebKit/537.36 (KHTML, like Gecko) Code/1.123.2 Chrome/148.0.7778.97 Electron/42.2.0 Safari/537.36"
::1 - - [30/Jun/2026:21:51:00 +0300] "GET /phpmyadmin/js/messages.php?l=en&v=5.2.1&lang=en HTTP/1.1" 200 7911 "-" "Mozilla/5.0 (Windows NT 10.0; Win64; x64) AppleWebKit/537.36 (KHTML, like Gecko) Code/1.123.2 Chrome/148.0.7778.97 Electron/42.2.0 Safari/537.36"
::1 - - [30/Jun/2026:21:51:00 +0300] "GET /phpmyadmin/themes/pmahomme/img/b_docs.png HTTP/1.1" 200 705 "http://localhost/phpmyadmin/themes/pmahomme/css/theme.css?v=5.2.1" "Mozilla/5.0 (Windows NT 10.0; Win64; x64) AppleWebKit/537.36 (KHTML, like Gecko) Code/1.123.2 Chrome/148.0.7778.97 Electron/42.2.0 Safari/537.36"
::1 - - [30/Jun/2026:21:51:00 +0300] "GET /phpmyadmin/themes/pmahomme/img/b_home.png HTTP/1.1" 200 734 "http://localhost/phpmyadmin/themes/pmahomme/css/theme.css?v=5.2.1" "Mozilla/5.0 (Windows NT 10.0; Win64; x64) AppleWebKit/537.36 (KHTML, like Gecko) Code/1.123.2 Chrome/148.0.7778.97 Electron/42.2.0 Safari/537.36"
::1 - - [30/Jun/2026:21:51:00 +0300] "GET /phpmyadmin/themes/pmahomme/img/b_sqlhelp.png HTTP/1.1" 200 512 "http://localhost/phpmyadmin/themes/pmahomme/css/theme.css?v=5.2.1" "Mozilla/5.0 (Windows NT 10.0; Win64; x64) AppleWebKit/537.36 (KHTML, like Gecko) Code/1.123.2 Chrome/148.0.7778.97 Electron/42.2.0 Safari/537.36"
::1 - - [30/Jun/2026:21:51:00 +0300] "GET /phpmyadmin/themes/pmahomme/img/s_loggoff.png HTTP/1.1" 200 626 "http://localhost/phpmyadmin/themes/pmahomme/css/theme.css?v=5.2.1" "Mozilla/5.0 (Windows NT 10.0; Win64; x64) AppleWebKit/537.36 (KHTML, like Gecko) Code/1.123.2 Chrome/148.0.7778.97 Electron/42.2.0 Safari/537.36"
::1 - - [30/Jun/2026:21:51:00 +0300] "GET /phpmyadmin/themes/pmahomme/img/s_cog.png HTTP/1.1" 200 442 "http://localhost/phpmyadmin/themes/pmahomme/css/theme.css?v=5.2.1" "Mozilla/5.0 (Windows NT 10.0; Win64; x64) AppleWebKit/537.36 (KHTML, like Gecko) Code/1.123.2 Chrome/148.0.7778.97 Electron/42.2.0 Safari/537.36"
::1 - - [30/Jun/2026:21:51:00 +0300] "GET /phpmyadmin/themes/pmahomme/img/s_reload.png HTTP/1.1" 200 527 "http://localhost/phpmyadmin/themes/pmahomme/css/theme.css?v=5.2.1" "Mozilla/5.0 (Windows NT 10.0; Win64; x64) AppleWebKit/537.36 (KHTML, like Gecko) Code/1.123.2 Chrome/148.0.7778.97 Electron/42.2.0 Safari/537.36"
::1 - - [30/Jun/2026:21:51:00 +0300] "GET /phpmyadmin/themes/pmahomme/img/b_newdb.png HTTP/1.1" 200 585 "http://localhost/phpmyadmin/themes/pmahomme/css/theme.css?v=5.2.1" "Mozilla/5.0 (Windows NT 10.0; Win64; x64) AppleWebKit/537.36 (KHTML, like Gecko) Code/1.123.2 Chrome/148.0.7778.97 Electron/42.2.0 Safari/537.36"
::1 - - [30/Jun/2026:21:51:00 +0300] "GET /phpmyadmin/themes/pmahomme/img/s_collapseall.png HTTP/1.1" 200 143 "http://localhost/phpmyadmin/themes/pmahomme/css/theme.css?v=5.2.1" "Mozilla/5.0 (Windows NT 10.0; Win64; x64) AppleWebKit/537.36 (KHTML, like Gecko) Code/1.123.2 Chrome/148.0.7778.97 Electron/42.2.0 Safari/537.36"
::1 - - [30/Jun/2026:21:51:00 +0300] "GET /phpmyadmin/themes/pmahomme/img/s_link.png HTTP/1.1" 200 280 "http://localhost/phpmyadmin/themes/pmahomme/css/theme.css?v=5.2.1" "Mozilla/5.0 (Windows NT 10.0; Win64; x64) AppleWebKit/537.36 (KHTML, like Gecko) Code/1.123.2 Chrome/148.0.7778.97 Electron/42.2.0 Safari/537.36"
::1 - - [30/Jun/2026:21:51:00 +0300] "GET /phpmyadmin/themes/pmahomme/img/b_plus.png HTTP/1.1" 200 143 "http://localhost/phpmyadmin/themes/pmahomme/css/theme.css?v=5.2.1" "Mozilla/5.0 (Windows NT 10.0; Win64; x64) AppleWebKit/537.36 (KHTML, like Gecko) Code/1.123.2 Chrome/148.0.7778.97 Electron/42.2.0 Safari/537.36"
::1 - - [30/Jun/2026:21:51:00 +0300] "GET /phpmyadmin/themes/pmahomme/img/s_db.png HTTP/1.1" 200 328 "http://localhost/phpmyadmin/themes/pmahomme/css/theme.css?v=5.2.1" "Mozilla/5.0 (Windows NT 10.0; Win64; x64) AppleWebKit/537.36 (KHTML, like Gecko) Code/1.123.2 Chrome/148.0.7778.97 Electron/42.2.0 Safari/537.36"
::1 - - [30/Jun/2026:21:51:00 +0300] "GET /phpmyadmin/themes/pmahomme/img/s_host.png HTTP/1.1" 200 591 "http://localhost/phpmyadmin/themes/pmahomme/css/theme.css?v=5.2.1" "Mozilla/5.0 (Windows NT 10.0; Win64; x64) AppleWebKit/537.36 (KHTML, like Gecko) Code/1.123.2 Chrome/148.0.7778.97 Electron/42.2.0 Safari/537.36"
::1 - - [30/Jun/2026:21:51:00 +0300] "GET /phpmyadmin/themes/pmahomme/img/s_top.png HTTP/1.1" 200 220 "http://localhost/phpmyadmin/themes/pmahomme/css/theme.css?v=5.2.1" "Mozilla/5.0 (Windows NT 10.0; Win64; x64) AppleWebKit/537.36 (KHTML, like Gecko) Code/1.123.2 Chrome/148.0.7778.97 Electron/42.2.0 Safari/537.36"
::1 - - [30/Jun/2026:21:51:00 +0300] "GET /phpmyadmin/themes/pmahomme/img/console.png HTTP/1.1" 200 292 "http://localhost/phpmyadmin/themes/pmahomme/css/theme.css?v=5.2.1" "Mozilla/5.0 (Windows NT 10.0; Win64; x64) AppleWebKit/537.36 (KHTML, like Gecko) Code/1.123.2 Chrome/148.0.7778.97 Electron/42.2.0 Safari/537.36"
::1 - - [30/Jun/2026:21:51:00 +0300] "GET /phpmyadmin/themes/pmahomme/img/s_asci.png HTTP/1.1" 200 148 "http://localhost/phpmyadmin/themes/pmahomme/css/theme.css?v=5.2.1" "Mozilla/5.0 (Windows NT 10.0; Win64; x64) AppleWebKit/537.36 (KHTML, like Gecko) Code/1.123.2 Chrome/148.0.7778.97 Electron/42.2.0 Safari/537.36"
::1 - - [30/Jun/2026:21:51:00 +0300] "GET /phpmyadmin/themes/pmahomme/img/b_tblops.png HTTP/1.1" 200 537 "http://localhost/phpmyadmin/themes/pmahomme/css/theme.css?v=5.2.1" "Mozilla/5.0 (Windows NT 10.0; Win64; x64) AppleWebKit/537.36 (KHTML, like Gecko) Code/1.123.2 Chrome/148.0.7778.97 Electron/42.2.0 Safari/537.36"
::1 - - [30/Jun/2026:21:51:00 +0300] "GET /phpmyadmin/themes/pmahomme/img/b_help.png HTTP/1.1" 200 705 "http://localhost/phpmyadmin/themes/pmahomme/css/theme.css?v=5.2.1" "Mozilla/5.0 (Windows NT 10.0; Win64; x64) AppleWebKit/537.36 (KHTML, like Gecko) Code/1.123.2 Chrome/148.0.7778.97 Electron/42.2.0 Safari/537.36"
::1 - - [30/Jun/2026:21:51:00 +0300] "GET /phpmyadmin/themes/pmahomme/img/s_lang.png HTTP/1.1" 200 659 "http://localhost/phpmyadmin/themes/pmahomme/css/theme.css?v=5.2.1" "Mozilla/5.0 (Windows NT 10.0; Win64; x64) AppleWebKit/537.36 (KHTML, like Gecko) Code/1.123.2 Chrome/148.0.7778.97 Electron/42.2.0 Safari/537.36"
::1 - - [30/Jun/2026:21:51:00 +0300] "GET /phpmyadmin/themes/pmahomme/img/s_theme.png HTTP/1.1" 200 772 "http://localhost/phpmyadmin/themes/pmahomme/css/theme.css?v=5.2.1" "Mozilla/5.0 (Windows NT 10.0; Win64; x64) AppleWebKit/537.36 (KHTML, like Gecko) Code/1.123.2 Chrome/148.0.7778.97 Electron/42.2.0 Safari/537.36"
::1 - - [30/Jun/2026:21:51:00 +0300] "GET /phpmyadmin/themes/pmahomme/img/window-new.png HTTP/1.1" 200 468 "http://localhost/phpmyadmin/themes/pmahomme/css/theme.css?v=5.2.1" "Mozilla/5.0 (Windows NT 10.0; Win64; x64) AppleWebKit/537.36 (KHTML, like Gecko) Code/1.123.2 Chrome/148.0.7778.97 Electron/42.2.0 Safari/537.36"
::1 - - [30/Jun/2026:21:51:00 +0300] "GET /phpmyadmin/favicon.ico HTTP/1.1" 200 22486 "-" "Mozilla/5.0 (Windows NT 10.0; Win64; x64) AppleWebKit/537.36 (KHTML, like Gecko) Code/1.123.2 Chrome/148.0.7778.97 Electron/42.2.0 Safari/537.36"
::1 - - [30/Jun/2026:21:51:00 +0300] "POST /phpmyadmin/index.php?route=/config/get HTTP/1.1" 200 1563 "-" "Mozilla/5.0 (Windows NT 10.0; Win64; x64) AppleWebKit/537.36 (KHTML, like Gecko) Code/1.123.2 Chrome/148.0.7778.97 Electron/42.2.0 Safari/537.36"
::1 - - [30/Jun/2026:21:51:00 +0300] "POST /phpmyadmin/index.php?route=/config/get HTTP/1.1" 200 1470 "-" "Mozilla/5.0 (Windows NT 10.0; Win64; x64) AppleWebKit/537.36 (KHTML, like Gecko) Code/1.123.2 Chrome/148.0.7778.97 Electron/42.2.0 Safari/537.36"
::1 - - [30/Jun/2026:21:51:00 +0300] "POST /phpmyadmin/index.php?route=/navigation&ajax_request=1 HTTP/1.1" 200 2203 "-" "Mozilla/5.0 (Windows NT 10.0; Win64; x64) AppleWebKit/537.36 (KHTML, like Gecko) Code/1.123.2 Chrome/148.0.7778.97 Electron/42.2.0 Safari/537.36"
::1 - - [30/Jun/2026:21:51:00 +0300] "POST /phpmyadmin/index.php?route=/database/structure/favorite-table&ajax_request=1&favorite_table=1&sync_favorite_tables=1&lang=en HTTP/1.1" 200 155 "-" "Mozilla/5.0 (Windows NT 10.0; Win64; x64) AppleWebKit/537.36 (KHTML, like Gecko) Code/1.123.2 Chrome/148.0.7778.97 Electron/42.2.0 Safari/537.36"
::1 - - [30/Jun/2026:21:51:00 +0300] "POST /phpmyadmin/index.php?route=/version-check HTTP/1.1" 200 28 "-" "Mozilla/5.0 (Windows NT 10.0; Win64; x64) AppleWebKit/537.36 (KHTML, like Gecko) Code/1.123.2 Chrome/148.0.7778.97 Electron/42.2.0 Safari/537.36"
::1 - - [30/Jun/2026:21:51:01 +0300] "POST /phpmyadmin/index.php?route=/config/set HTTP/1.1" 200 1462 "-" "Mozilla/5.0 (Windows NT 10.0; Win64; x64) AppleWebKit/537.36 (KHTML, like Gecko) Code/1.123.2 Chrome/148.0.7778.97 Electron/42.2.0 Safari/537.36"
::1 - - [30/Jun/2026:21:57:36 +0300] "GET /phpmyadmin/themes/pmahomme/img/ajax_clock_small.gif HTTP/1.1" 200 1810 "http://localhost/phpmyadmin/themes/pmahomme/css/theme.css?v=5.2.1" "Mozilla/5.0 (Windows NT 10.0; Win64; x64) AppleWebKit/537.36 (KHTML, like Gecko) Code/1.123.2 Chrome/148.0.7778.97 Electron/42.2.0 Safari/537.36"
::1 - - [30/Jun/2026:21:57:36 +0300] "GET /phpmyadmin/index.php?route=/server/databases&ajax_request=true&ajax_page_request=true&_nocache=1782845856099276783&token=5f775d43532c5f6c4c4e5c5f2f4b7c47 HTTP/1.1" 200 7671 "-" "Mozilla/5.0 (Windows NT 10.0; Win64; x64) AppleWebKit/537.36 (KHTML, like Gecko) Code/1.123.2 Chrome/148.0.7778.97 Electron/42.2.0 Safari/537.36"
::1 - - [30/Jun/2026:21:57:36 +0300] "GET /phpmyadmin/js/dist/server/databases.js?v=5.2.1 HTTP/1.1" 200 4659 "-" "Mozilla/5.0 (Windows NT 10.0; Win64; x64) AppleWebKit/537.36 (KHTML, like Gecko) Code/1.123.2 Chrome/148.0.7778.97 Electron/42.2.0 Safari/537.36"
::1 - - [30/Jun/2026:21:57:36 +0300] "GET /phpmyadmin/themes/pmahomme/img/b_deltbl.png HTTP/1.1" 200 577 "http://localhost/phpmyadmin/themes/pmahomme/css/theme.css?v=5.2.1" "Mozilla/5.0 (Windows NT 10.0; Win64; x64) AppleWebKit/537.36 (KHTML, like Gecko) Code/1.123.2 Chrome/148.0.7778.97 Electron/42.2.0 Safari/537.36"
::1 - - [30/Jun/2026:21:57:36 +0300] "GET /phpmyadmin/themes/pmahomme/img/s_asc.png HTTP/1.1" 200 146 "http://localhost/phpmyadmin/themes/pmahomme/css/theme.css?v=5.2.1" "Mozilla/5.0 (Windows NT 10.0; Win64; x64) AppleWebKit/537.36 (KHTML, like Gecko) Code/1.123.2 Chrome/148.0.7778.97 Electron/42.2.0 Safari/537.36"
::1 - - [30/Jun/2026:21:57:36 +0300] "GET /phpmyadmin/themes/pmahomme/img/b_search.png HTTP/1.1" 200 538 "http://localhost/phpmyadmin/themes/pmahomme/css/theme.css?v=5.2.1" "Mozilla/5.0 (Windows NT 10.0; Win64; x64) AppleWebKit/537.36 (KHTML, like Gecko) Code/1.123.2 Chrome/148.0.7778.97 Electron/42.2.0 Safari/537.36"
::1 - - [30/Jun/2026:21:57:36 +0300] "GET /phpmyadmin/themes/pmahomme/img/s_notice.png HTTP/1.1" 200 567 "http://localhost/phpmyadmin/themes/pmahomme/css/theme.css?v=5.2.1" "Mozilla/5.0 (Windows NT 10.0; Win64; x64) AppleWebKit/537.36 (KHTML, like Gecko) Code/1.123.2 Chrome/148.0.7778.97 Electron/42.2.0 Safari/537.36"
::1 - - [30/Jun/2026:21:57:36 +0300] "GET /phpmyadmin/themes/pmahomme/img/s_rights.png HTTP/1.1" 200 461 "http://localhost/phpmyadmin/themes/pmahomme/css/theme.css?v=5.2.1" "Mozilla/5.0 (Windows NT 10.0; Win64; x64) AppleWebKit/537.36 (KHTML, like Gecko) Code/1.123.2 Chrome/148.0.7778.97 Electron/42.2.0 Safari/537.36"
::1 - - [30/Jun/2026:21:57:36 +0300] "POST /phpmyadmin/index.php?route=/navigation&ajax_request=1 HTTP/1.1" 200 2203 "-" "Mozilla/5.0 (Windows NT 10.0; Win64; x64) AppleWebKit/537.36 (KHTML, like Gecko) Code/1.123.2 Chrome/148.0.7778.97 Electron/42.2.0 Safari/537.36"
::1 - - [30/Jun/2026:22:08:42 +0300] "GET /phpmyadmin/index.php?route=%2F&server=1&lang=en&ajax_request=true&ajax_page_request=true&_nocache=1782846522978321377&token=5f775d43532c5f6c4c4e5c5f2f4b7c47 HTTP/1.1" 200 8539 "-" "Mozilla/5.0 (Windows NT 10.0; Win64; x64) AppleWebKit/537.36 (KHTML, like Gecko) Code/1.123.2 Chrome/148.0.7778.97 Electron/42.2.0 Safari/537.36"
::1 - - [30/Jun/2026:22:08:43 +0300] "POST /phpmyadmin/index.php?route=/navigation&ajax_request=1 HTTP/1.1" 200 2203 "-" "Mozilla/5.0 (Windows NT 10.0; Win64; x64) AppleWebKit/537.36 (KHTML, like Gecko) Code/1.123.2 Chrome/148.0.7778.97 Electron/42.2.0 Safari/537.36"
::1 - - [30/Jun/2026:22:08:43 +0300] "POST /phpmyadmin/index.php?route=/database/structure/favorite-table&ajax_request=1&favorite_table=1&sync_favorite_tables=1 HTTP/1.1" 200 155 "-" "Mozilla/5.0 (Windows NT 10.0; Win64; x64) AppleWebKit/537.36 (KHTML, like Gecko) Code/1.123.2 Chrome/148.0.7778.97 Electron/42.2.0 Safari/537.36"
::1 - - [30/Jun/2026:22:08:43 +0300] "POST /phpmyadmin/index.php?route=/version-check HTTP/1.1" 200 64 "-" "Mozilla/5.0 (Windows NT 10.0; Win64; x64) AppleWebKit/537.36 (KHTML, like Gecko) Code/1.123.2 Chrome/148.0.7778.97 Electron/42.2.0 Safari/537.36"
::1 - - [30/Jun/2026:22:21:27 +0300] "GET /karibu/ HTTP/1.1" 200 348 "-" "curl/8.20.0"
::1 - - [30/Jun/2026:22:21:43 +0300] "GET /karibu/ HTTP/1.1" 200 348 "-" "Mozilla/5.0 (Windows NT 10.0; Win64; x64) AppleWebKit/537.36 (KHTML, like Gecko) Code/1.123.2 Chrome/148.0.7778.97 Electron/42.2.0 Safari/537.36"
::1 - - [30/Jun/2026:22:21:43 +0300] "GET /favicon.ico HTTP/1.1" 200 30894 "-" "Mozilla/5.0 (Windows NT 10.0; Win64; x64) AppleWebKit/537.36 (KHTML, like Gecko) Code/1.123.2 Chrome/148.0.7778.97 Electron/42.2.0 Safari/537.36"
::1 - - [30/Jun/2026:22:21:43 +0300] "GET /karibu/pages/login.html HTTP/1.1" 200 1801 "http://localhost/karibu/" "Mozilla/5.0 (Windows NT 10.0; Win64; x64) AppleWebKit/537.36 (KHTML, like Gecko) Code/1.123.2 Chrome/148.0.7778.97 Electron/42.2.0 Safari/537.36"
::1 - - [30/Jun/2026:22:21:43 +0300] "GET /karibu/css/base.css HTTP/1.1" 200 1159 "http://localhost/karibu/pages/login.html" "Mozilla/5.0 (Windows NT 10.0; Win64; x64) AppleWebKit/537.36 (KHTML, like Gecko) Code/1.123.2 Chrome/148.0.7778.97 Electron/42.2.0 Safari/537.36"
::1 - - [30/Jun/2026:22:21:43 +0300] "GET /karibu/css/pages.css HTTP/1.1" 200 8047 "http://localhost/karibu/pages/login.html" "Mozilla/5.0 (Windows NT 10.0; Win64; x64) AppleWebKit/537.36 (KHTML, like Gecko) Code/1.123.2 Chrome/148.0.7778.97 Electron/42.2.0 Safari/537.36"
::1 - - [30/Jun/2026:22:21:43 +0300] "GET /karibu/css/components.css HTTP/1.1" 200 3087 "http://localhost/karibu/pages/login.html" "Mozilla/5.0 (Windows NT 10.0; Win64; x64) AppleWebKit/537.36 (KHTML, like Gecko) Code/1.123.2 Chrome/148.0.7778.97 Electron/42.2.0 Safari/537.36"
::1 - - [30/Jun/2026:22:21:43 +0300] "GET /karibu/js/pages/login.js HTTP/1.1" 200 1113 "http://localhost/karibu/pages/login.html" "Mozilla/5.0 (Windows NT 10.0; Win64; x64) AppleWebKit/537.36 (KHTML, like Gecko) Code/1.123.2 Chrome/148.0.7778.97 Electron/42.2.0 Safari/537.36"
::1 - - [30/Jun/2026:22:21:43 +0300] "GET /karibu/assets/kgl-logo-mark.svg HTTP/1.1" 200 828 "http://localhost/karibu/pages/login.html" "Mozilla/5.0 (Windows NT 10.0; Win64; x64) AppleWebKit/537.36 (KHTML, like Gecko) Code/1.123.2 Chrome/148.0.7778.97 Electron/42.2.0 Safari/537.36"
::1 - - [30/Jun/2026:22:21:43 +0300] "GET /karibu/pages/images/login%20photo%20jpg.png HTTP/1.1" 200 2397827 "http://localhost/karibu/css/pages.css" "Mozilla/5.0 (Windows NT 10.0; Win64; x64) AppleWebKit/537.36 (KHTML, like Gecko) Code/1.123.2 Chrome/148.0.7778.97 Electron/42.2.0 Safari/537.36"
::1 - - [30/Jun/2026:22:21:43 +0300] "GET /karibu/js/auth.js HTTP/1.1" 200 1329 "http://localhost/karibu/js/pages/login.js" "Mozilla/5.0 (Windows NT 10.0; Win64; x64) AppleWebKit/537.36 (KHTML, like Gecko) Code/1.123.2 Chrome/148.0.7778.97 Electron/42.2.0 Safari/537.36"
::1 - - [30/Jun/2026:22:21:43 +0300] "GET /karibu/js/api.js HTTP/1.1" 200 4229 "http://localhost/karibu/js/auth.js" "Mozilla/5.0 (Windows NT 10.0; Win64; x64) AppleWebKit/537.36 (KHTML, like Gecko) Code/1.123.2 Chrome/148.0.7778.97 Electron/42.2.0 Safari/537.36"
::1 - - [30/Jun/2026:22:26:43 +0300] "-" 408 - "-" "-"
::1 - - [30/Jun/2026:22:42:43 +0300] "GET /karibu/pages/manager-dashboard.html HTTP/1.1" 200 4218 "http://localhost/karibu/pages/login.html" "Mozilla/5.0 (Windows NT 10.0; Win64; x64) AppleWebKit/537.36 (KHTML, like Gecko) Code/1.123.2 Chrome/148.0.7778.97 Electron/42.2.0 Safari/537.36"
::1 - - [30/Jun/2026:22:42:43 +0300] "GET /karibu/css/base.css HTTP/1.1" 304 - "http://localhost/karibu/pages/manager-dashboard.html" "Mozilla/5.0 (Windows NT 10.0; Win64; x64) AppleWebKit/537.36 (KHTML, like Gecko) Code/1.123.2 Chrome/148.0.7778.97 Electron/42.2.0 Safari/537.36"
::1 - - [30/Jun/2026:22:42:43 +0300] "GET /karibu/css/layout.css HTTP/1.1" 200 2451 "http://localhost/karibu/pages/manager-dashboard.html" "Mozilla/5.0 (Windows NT 10.0; Win64; x64) AppleWebKit/537.36 (KHTML, like Gecko) Code/1.123.2 Chrome/148.0.7778.97 Electron/42.2.0 Safari/537.36"
::1 - - [30/Jun/2026:22:42:43 +0300] "GET /karibu/css/components.css HTTP/1.1" 304 - "http://localhost/karibu/pages/manager-dashboard.html" "Mozilla/5.0 (Windows NT 10.0; Win64; x64) AppleWebKit/537.36 (KHTML, like Gecko) Code/1.123.2 Chrome/148.0.7778.97 Electron/42.2.0 Safari/537.36"
::1 - - [30/Jun/2026:22:42:43 +0300] "GET /karibu/css/pages.css HTTP/1.1" 304 - "http://localhost/karibu/pages/manager-dashboard.html" "Mozilla/5.0 (Windows NT 10.0; Win64; x64) AppleWebKit/537.36 (KHTML, like Gecko) Code/1.123.2 Chrome/148.0.7778.97 Electron/42.2.0 Safari/537.36"
::1 - - [30/Jun/2026:22:42:43 +0300] "GET /karibu/js/pages/manager-dashboard.js HTTP/1.1" 200 6439 "http://localhost/karibu/pages/manager-dashboard.html" "Mozilla/5.0 (Windows NT 10.0; Win64; x64) AppleWebKit/537.36 (KHTML, like Gecko) Code/1.123.2 Chrome/148.0.7778.97 Electron/42.2.0 Safari/537.36"
::1 - - [30/Jun/2026:22:42:43 +0300] "GET /karibu/js/auth.js HTTP/1.1" 304 - "http://localhost/karibu/js/pages/manager-dashboard.js" "Mozilla/5.0 (Windows NT 10.0; Win64; x64) AppleWebKit/537.36 (KHTML, like Gecko) Code/1.123.2 Chrome/148.0.7778.97 Electron/42.2.0 Safari/537.36"
::1 - - [30/Jun/2026:22:42:43 +0300] "GET /karibu/js/app.js HTTP/1.1" 200 1700 "http://localhost/karibu/js/pages/manager-dashboard.js" "Mozilla/5.0 (Windows NT 10.0; Win64; x64) AppleWebKit/537.36 (KHTML, like Gecko) Code/1.123.2 Chrome/148.0.7778.97 Electron/42.2.0 Safari/537.36"
::1 - - [30/Jun/2026:22:42:43 +0300] "GET /karibu/js/api.js HTTP/1.1" 304 - "http://localhost/karibu/js/pages/manager-dashboard.js" "Mozilla/5.0 (Windows NT 10.0; Win64; x64) AppleWebKit/537.36 (KHTML, like Gecko) Code/1.123.2 Chrome/148.0.7778.97 Electron/42.2.0 Safari/537.36"
::1 - - [30/Jun/2026:22:42:43 +0300] "GET /karibu/js/data.js HTTP/1.1" 200 531 "http://localhost/karibu/js/pages/manager-dashboard.js" "Mozilla/5.0 (Windows NT 10.0; Win64; x64) AppleWebKit/537.36 (KHTML, like Gecko) Code/1.123.2 Chrome/148.0.7778.97 Electron/42.2.0 Safari/537.36"
::1 - - [30/Jun/2026:22:47:43 +0300] "-" 408 - "-" "-"
