[Tue Jan 27 07:41:59.173038 2026] [ssl:warn] [pid 15564:tid 496] AH01909: www.example.com:443:0 server certificate does NOT include an ID which matches the server name
[Tue Jan 27 07:41:59.255231 2026] [ssl:warn] [pid 15564:tid 496] AH01909: www.example.com:443:0 server certificate does NOT include an ID which matches the server name
[Tue Jan 27 07:42:00.219417 2026] [mpm_winnt:notice] [pid 15564:tid 496] AH00455: Apache/2.4.58 (Win64) OpenSSL/3.1.3 PHP/8.2.12 configured -- resuming normal operations
[Tue Jan 27 07:42:00.219417 2026] [mpm_winnt:notice] [pid 15564:tid 496] AH00456: Apache Lounge VS17 Server built: Oct 18 2023 13:03:18
[Tue Jan 27 07:42:00.219417 2026] [core:notice] [pid 15564:tid 496] AH00094: Command line: 'c:\\users\\user\\downloads\\karibu-groceries-web\\apache\\bin\\httpd.exe -d C:/Users/USER/Downloads/karibu-groceries-web/apache'
[Tue Jan 27 07:42:00.227878 2026] [mpm_winnt:notice] [pid 15564:tid 496] AH00418: Parent: Created child process 34224
[Tue Jan 27 07:42:00.676628 2026] [ssl:warn] [pid 34224:tid 476] AH01909: www.example.com:443:0 server certificate does NOT include an ID which matches the server name
[Tue Jan 27 07:42:00.733423 2026] [ssl:warn] [pid 34224:tid 476] AH01909: www.example.com:443:0 server certificate does NOT include an ID which matches the server name
[Tue Jan 27 07:42:00.774773 2026] [mpm_winnt:notice] [pid 34224:tid 476] AH00354: Child: Starting 150 worker threads.
[Mon Feb 23 21:59:05.794530 2026] [ssl:warn] [pid 1736:tid 464] AH01909: www.example.com:443:0 server certificate does NOT include an ID which matches the server name
[Mon Feb 23 21:59:05.892068 2026] [core:warn] [pid 1736:tid 464] AH00098: pid file C:/Users/USER/Downloads/karibu-groceries-web/apache/logs/httpd.pid overwritten -- Unclean shutdown of previous Apache run?
[Mon Feb 23 21:59:05.897065 2026] [ssl:warn] [pid 1736:tid 464] AH01909: www.example.com:443:0 server certificate does NOT include an ID which matches the server name
[Mon Feb 23 21:59:06.132640 2026] [mpm_winnt:notice] [pid 1736:tid 464] AH00455: Apache/2.4.58 (Win64) OpenSSL/3.1.3 PHP/8.2.12 configured -- resuming normal operations
[Mon Feb 23 21:59:06.132640 2026] [mpm_winnt:notice] [pid 1736:tid 464] AH00456: Apache Lounge VS17 Server built: Oct 18 2023 13:03:18
[Mon Feb 23 21:59:06.132640 2026] [core:notice] [pid 1736:tid 464] AH00094: Command line: 'apache\\bin\\httpd.exe -d C:/Users/USER/Downloads/karibu-groceries-web/apache -f conf\\httpd.conf'
[Mon Feb 23 21:59:06.146203 2026] [mpm_winnt:notice] [pid 1736:tid 464] AH00418: Parent: Created child process 4548
[Mon Feb 23 21:59:06.628724 2026] [ssl:warn] [pid 4548:tid 476] AH01909: www.example.com:443:0 server certificate does NOT include an ID which matches the server name
[Mon Feb 23 21:59:06.675238 2026] [ssl:warn] [pid 4548:tid 476] AH01909: www.example.com:443:0 server certificate does NOT include an ID which matches the server name
[Mon Feb 23 21:59:06.715242 2026] [mpm_winnt:notice] [pid 4548:tid 476] AH00354: Child: Starting 150 worker threads.
[Tue Jun 30 21:45:08.465345 2026] [ssl:warn] [pid 15780:tid 340] AH01909: www.example.com:443:0 server certificate does NOT include an ID which matches the server name
[Tue Jun 30 21:45:08.535767 2026] [core:warn] [pid 15780:tid 340] AH00098: pid file C:/Users/USER/Downloads/karibu-groceries-web/apache/logs/httpd.pid overwritten -- Unclean shutdown of previous Apache run?
[Tue Jun 30 21:45:08.540410 2026] [ssl:warn] [pid 15780:tid 340] AH01909: www.example.com:443:0 server certificate does NOT include an ID which matches the server name
[Tue Jun 30 21:45:08.685756 2026] [mpm_winnt:notice] [pid 15780:tid 340] AH00455: Apache/2.4.58 (Win64) OpenSSL/3.1.3 PHP/8.2.12 configured -- resuming normal operations
[Tue Jun 30 21:45:08.685756 2026] [mpm_winnt:notice] [pid 15780:tid 340] AH00456: Apache Lounge VS17 Server built: Oct 18 2023 13:03:18
[Tue Jun 30 21:45:08.685756 2026] [core:notice] [pid 15780:tid 340] AH00094: Command line: 'apache\\bin\\httpd.exe -d C:/Users/USER/Downloads/karibu-groceries-web/apache'
[Tue Jun 30 21:45:10.844144 2026] [mpm_winnt:notice] [pid 15780:tid 340] AH00418: Parent: Created child process 11336
[Tue Jun 30 21:45:11.703923 2026] [ssl:warn] [pid 11336:tid 356] AH01909: www.example.com:443:0 server certificate does NOT include an ID which matches the server name
[Tue Jun 30 21:45:11.778507 2026] [ssl:warn] [pid 11336:tid 356] AH01909: www.example.com:443:0 server certificate does NOT include an ID which matches the server name
[Tue Jun 30 21:45:11.837673 2026] [mpm_winnt:notice] [pid 11336:tid 356] AH00354: Child: Starting 150 worker threads.
